Using pre-set license
Built from '2020.3/staging' branch; Version is '2020.3.8f1 (507919d4fff5) revision 5273881'; Using compiler version '192528614'; Build Type 'Release'
OS: 'Windows 10 Home; OS build 19041.985; Version 2004; 64bit' Language: 'it' Physical Memory: 16145 MB
BatchMode: 1, IsHumanControllingUs: 0, StartBugReporterOnCrash: 0, Is64bit: 1, IsPro: 0

 COMMAND LINE ARGUMENTS:
C:\POLI BACKUP\Unity\2020.3.8f1\Editor\Unity.exe
-adb2
-batchMode
-noUpm
-name
AssetImportWorker0
-projectPath
C:/Users/barbu/OneDrive/Desktop/gitUnity/DoYouCopy
-logFile
Logs/AssetImportWorker0.log
-srvPort
59025
Successfully changed project path to: C:/Users/barbu/OneDrive/Desktop/gitUnity/DoYouCopy
C:/Users/barbu/OneDrive/Desktop/gitUnity/DoYouCopy
Using Asset Import Pipeline V2.
Refreshing native plugins compatible for Editor in 64.78 ms, found 0 plugins.
Preloading 0 native plugins for Editor in 0.00 ms.
Initialize engine version: 2020.3.8f1 (507919d4fff5)
[Subsystems] Discovering subsystems at path C:/POLI BACKUP/Unity/2020.3.8f1/Editor/Data/Resources/UnitySubsystems
[Subsystems] Discovering subsystems at path C:/Users/barbu/OneDrive/Desktop/gitUnity/DoYouCopy/Assets
GfxDevice: creating device client; threaded=0
Direct3D:
    Version:  Direct3D 11.0 [level 11.1]
    Renderer: NVIDIA GeForce RTX 2070 with Max-Q Design (ID=0x1f14)
    Vendor:   
    VRAM:     8031 MB
    Driver:   27.21.14.6647
Initialize mono
Mono path[0] = 'C:/POLI BACKUP/Unity/2020.3.8f1/Editor/Data/Managed'
Mono path[1] = 'C:/POLI BACKUP/Unity/2020.3.8f1/Editor/Data/MonoBleedingEdge/lib/mono/unityjit'
Mono config path = 'C:/POLI BACKUP/Unity/2020.3.8f1/Editor/Data/MonoBleedingEdge/etc'
Using monoOptions --debugger-agent=transport=dt_socket,embedding=1,server=y,suspend=n,address=127.0.0.1:56956
Begin MonoManager ReloadAssembly
Registering precompiled unity dll's ...
Register platform support module: C:/POLI BACKUP/Unity/2020.3.8f1/Editor/Data/PlaybackEngines/WindowsStandaloneSupport/UnityEditor.WindowsStandalone.Extensions.dll
Registered in 0.001503 seconds.
Native extension for WindowsStandalone target not found
Refreshing native plugins compatible for Editor in 37.69 ms, found 0 plugins.
Preloading 0 native plugins for Editor in 0.00 ms.
Mono: successfully reloaded assembly
- Completed reload, in  0.804 seconds
Platform modules already initialized, skipping
Registering precompiled user dll's ...
Registered in 0.002885 seconds.
Begin MonoManager ReloadAssembly
Native extension for WindowsStandalone target not found
Refreshing native plugins compatible for Editor in 0.78 ms, found 0 plugins.
Preloading 0 native plugins for Editor in 0.00 ms.
Find all reader and writers took 93 milliseconds
Script Module: UnityEngine.UI.dll
Weave behaviours and messages took66 milliseconds
Find all reader and writers took 56 milliseconds
Script Module: UnityEngine.TestRunner.dll
Weave behaviours and messages took22 milliseconds
Find all reader and writers took 61 milliseconds
Script Module: UnityEngine.XR.LegacyInputHelpers.dll
Weave behaviours and messages took2 milliseconds
Find all reader and writers took 60 milliseconds
Script Module: SimpleWebTransport.dll
Weave behaviours and messages took4 milliseconds
Find all reader and writers took 56 milliseconds
Script Module: Unity.Timeline.dll
Weave behaviours and messages took15 milliseconds
Find all reader and writers took 51 milliseconds
Script Module: UnityEngine.Purchasing.WinRTCore.dll
Weave behaviours and messages took0 milliseconds
Find all reader and writers took 52 milliseconds
Script Module: UnityEngine.Monetization.dll
Weave behaviours and messages took3 milliseconds
Find all reader and writers took 53 milliseconds
Script Module: UnityEngine.Purchasing.Stores.dll
Weave behaviours and messages took17 milliseconds
Find all reader and writers took 45 milliseconds
Script Module: UnityEngine.Purchasing.SecurityCore.dll
Weave behaviours and messages took0 milliseconds
Find all reader and writers took 65 milliseconds
Script Module: Unity.TextMeshPro.dll
Weave behaviours and messages took36 milliseconds
Find all reader and writers took 47 milliseconds
Script Module: UnityEngine.Purchasing.AppleCore.dll
Weave behaviours and messages took0 milliseconds
Find all reader and writers took 46 milliseconds
Script Module: UnityEngine.Purchasing.dll
Weave behaviours and messages took2 milliseconds
Find all reader and writers took 58 milliseconds
Script Module: UnityEngine.Advertisements.dll
Weave behaviours and messages took4 milliseconds
Find all reader and writers took 48 milliseconds
Script Module: Telepathy.dll
Weave behaviours and messages took1 milliseconds
Find all reader and writers took 53 milliseconds
Script Module: UnityEngine.Purchasing.SecurityStub.dll
Weave behaviours and messages took0 milliseconds
Find all reader and writers took 46 milliseconds
Script Module: Purchasing.Common.dll
Weave behaviours and messages took0 milliseconds
Find all reader and writers took 45 milliseconds
Script Module: kcp2k.dll
Weave behaviours and messages took2 milliseconds
Find all reader and writers took 53 milliseconds
Script Module: UnityEngine.Purchasing.Codeless.dll
Weave behaviours and messages took1 milliseconds
Find all reader and writers took 51 milliseconds
Script Module: Mirror.Examples.Cloud.GUI.dll
Weave behaviours and messages took2 milliseconds
Find all reader and writers took 52 milliseconds
Script Module: Mirror.Cloud.dll
Weave behaviours and messages took1 milliseconds
Find all reader and writers took 52 milliseconds
Script Module: UnityEngine.Purchasing.WinRTStub.dll
Weave behaviours and messages took0 milliseconds
Find all reader and writers took 45 milliseconds
Script Module: UnityEngine.Purchasing.AppleStub.dll
Weave behaviours and messages took0 milliseconds
Find all reader and writers took 49 milliseconds
Script Module: UnityEngine.Purchasing.AppleMacosStub.dll
Weave behaviours and messages took0 milliseconds
Find all reader and writers took 50 milliseconds
Script Module: UnityEngine.SpatialTracking.dll
Weave behaviours and messages took0 milliseconds
Find all reader and writers took 50 milliseconds
Script Module: Unity.Analytics.DataPrivacy.dll
Weave behaviours and messages took0 milliseconds
Find all reader and writers took 62 milliseconds
Script Module: UnityEditor.TestRunner.dll
Weave behaviours and messages took19 milliseconds
Find all reader and writers took 67 milliseconds
Script Module: UnityEditor.UI.dll
Weave behaviours and messages took5 milliseconds
Find all reader and writers took 60 milliseconds
Script Module: UnityEditor.Purchasing.dll
Weave behaviours and messages took5 milliseconds
Find all reader and writers took 63 milliseconds
Script Module: ParrelSync.dll
Weave behaviours and messages took1 milliseconds
Find all reader and writers took 60 milliseconds
Script Module: UnityEditor.XR.LegacyInputHelpers.dll
Weave behaviours and messages took1 milliseconds
Find all reader and writers took 49 milliseconds
Script Module: Mirror.CompilerSymbols.dll
Weave behaviours and messages took0 milliseconds
Find all reader and writers took 61 milliseconds
Script Module: UnityEditor.SpatialTracking.dll
Weave behaviours and messages took0 milliseconds
Find all reader and writers took 52 milliseconds
Script Module: Analytics.dll
Weave behaviours and messages took0 milliseconds
Mono: successfully reloaded assembly
- Completed reload, in  6.301 seconds
Platform modules already initialized, skipping
========================================================================
Worker process is ready to serve import requests
Launched and connected shader compiler UnityShaderCompiler.exe after 0.04 seconds
Refreshing native plugins compatible for Editor in 0.54 ms, found 0 plugins.
Preloading 0 native plugins for Editor in 0.00 ms.
Unloading 1945 Unused Serialized files (Serialized files now loaded: 0)
System memory in use before: 82.4 MB.
System memory in use after: 82.5 MB.

Unloading 54 unused Assets to reduce memory usage. Loaded Objects now: 2354.
Total: 5.085100 ms (FindLiveObjects: 0.167000 ms CreateObjectMapping: 0.063400 ms MarkObjects: 4.744100 ms  DeleteObjects: 0.109900 ms)

========================================================================
Received Import Request.
  path: Assets/Scenes/ScenaProva.unity
  artifactKey: Guid(9fc0d4010bbf28b4594072e72b8655ab) Importer(815301076,1909f56bfc062723c751e8b465ee728b)
Start importing Assets/Scenes/ScenaProva.unity using Guid(9fc0d4010bbf28b4594072e72b8655ab) Importer(815301076,1909f56bfc062723c751e8b465ee728b)  -> (artifact id: '352358e0eb724184450f78c5bc0cc224') in 0.012598 seconds
  Import took 0.015019 seconds .

========================================================================
Received Import Request.
  Time since last request: 3.182642 seconds.
  path: Assets/Lorenzo/Lorenzo.unity
  artifactKey: Guid(0e18bef1d6803314791771de3c39f1ce) Importer(815301076,1909f56bfc062723c751e8b465ee728b)
Start importing Assets/Lorenzo/Lorenzo.unity using Guid(0e18bef1d6803314791771de3c39f1ce) Importer(815301076,1909f56bfc062723c751e8b465ee728b)  -> (artifact id: '056f9877eac3c65cd38cae8ebb63e617') in 0.007469 seconds
  Import took 0.010895 seconds .

AssetImportWorkerClient::OnTransportError - code=2 error=End of file
